# JRE version: OpenJDK Runtime Environment (11.0.10) (build 11.0.10+0-b96-7249189)
# Java VM: OpenJDK 64-Bit Server VM (11.0.10+0-b96-7249189, mixed mode, tiered, compressed oops, g1 gc, windows-amd64)
Heap:
 garbage-first heap   total 411648K, used 313540K [0x0000000080000000, 0x0000000100000000)
  region size 1024K, 6 young (6144K), 2 survivors (2048K)
 Metaspace       used 140579K, capacity 144990K, committed 145228K, reserved 1175552K
  class space    used 17389K, capacity 19042K, committed 19072K, reserved 1048576K
GC Heap History (20 events):
Event: 113.743 GC heap before
{Heap before GC invocations=68 (full 0):
 garbage-first heap   total 339968K, used 308203K [0x0000000080000000, 0x0000000100000000)
  region size 1024K, 133 young (136192K), 10 survivors (10240K)
 Metaspace       used 126039K, capacity 129834K, committed 129996K, reserved 1163264K
  class space    used 15654K, capacity 17067K, committed 17152K, reserved 1048576K
}
Event: 113.758 GC heap after
{Heap after GC invocations=69 (full 0):
 garbage-first heap   total 339968K, used 183403K [0x0000000080000000, 0x0000000100000000)
  region size 1024K, 17 young (17408K), 17 survivors (17408K)
 Metaspace       used 126039K, capacity 129834K, committed 129996K, reserved 1163264K
  class space    used 15654K, capacity 17067K, committed 17152K, reserved 1048576K
}
Event: 114.238 GC heap before
{Heap before GC invocations=69 (full 0):
 garbage-first heap   total 339968K, used 285803K [0x0000000080000000, 0x0000000100000000)
  region size 1024K, 118 young (120832K), 17 survivors (17408K)
 Metaspace       used 127151K, capacity 131027K, committed 131148K, reserved 1163264K
  class space    used 15766K, capacity 17221K, committed 17280K, reserved 1048576K
}
Event: 114.293 GC heap after
{Heap after GC invocations=70 (full 0):
 garbage-first heap   total 411648K, used 221264K [0x0000000080000000, 0x0000000100000000)
  region size 1024K, 15 young (15360K), 15 survivors (15360K)
 Metaspace       used 127151K, capacity 131027K, committed 131148K, reserved 1163264K
  class space    used 15766K, capacity 17221K, committed 17280K, reserved 1048576K
}
Event: 115.542 GC heap before
{Heap before GC invocations=70 (full 0):
 garbage-first heap   total 411648K, used 325712K [0x0000000080000000, 0x0000000100000000)
  region size 1024K, 112 young (114688K), 15 survivors (15360K)
 Metaspace       used 127612K, capacity 131591K, committed 131788K, reserved 1163264K
  class space    used 15830K, capacity 17299K, committed 17408K, reserved 1048576K
}
Event: 115.587 GC heap after
{Heap after GC invocations=71 (full 0):
 garbage-first heap   total 411648K, used 239424K [0x0000000080000000, 0x0000000100000000)
  region size 1024K, 10 young (10240K), 10 survivors (10240K)
 Metaspace       used 127612K, capacity 131591K, committed 131788K, reserved 1163264K
  class space    used 15830K, capacity 17299K, committed 17408K, reserved 1048576K
}
Event: 116.081 GC heap before
{Heap before GC invocations=71 (full 0):
 garbage-first heap   total 411648K, used 338752K [0x0000000080000000, 0x0000000100000000)
  region size 1024K, 99 young (101376K), 10 survivors (10240K)
 Metaspace       used 127721K, capacity 131684K, committed 132044K, reserved 1163264K
  class space    used 15830K, capacity 17299K, committed 17408K, reserved 1048576K
}
Event: 116.096 GC heap after
{Heap after GC invocations=72 (full 0):
 garbage-first heap   total 411648K, used 260248K [0x0000000080000000, 0x0000000100000000)
  region size 1024K, 11 young (11264K), 11 survivors (11264K)
 Metaspace       used 127721K, capacity 131684K, committed 132044K, reserved 1163264K
  class space    used 15830K, capacity 17299K, committed 17408K, reserved 1048576K
}
Event: 117.844 GC heap before
{Heap before GC invocations=72 (full 0):
 garbage-first heap   total 411648K, used 335000K [0x0000000080000000, 0x0000000100000000)
  region size 1024K, 85 young (87040K), 11 survivors (11264K)
 Metaspace       used 128600K, capacity 132563K, committed 132812K, reserved 1165312K
  class space    used 15916K, capacity 17398K, committed 17408K, reserved 1048576K
}
Event: 117.862 GC heap after
{Heap after GC invocations=73 (full 0):
 garbage-first heap   total 411648K, used 252863K [0x0000000080000000, 0x0000000100000000)
  region size 1024K, 4 young (4096K), 4 survivors (4096K)
 Metaspace       used 128600K, capacity 132563K, committed 132812K, reserved 1165312K
  class space    used 15916K, capacity 17398K, committed 17408K, reserved 1048576K
}
Event: 120.149 GC heap before
{Heap before GC invocations=73 (full 0):
 garbage-first heap   total 411648K, used 339903K [0x0000000080000000, 0x0000000100000000)
  region size 1024K, 88 young (90112K), 4 survivors (4096K)
 Metaspace       used 137618K, capacity 141888K, committed 142028K, reserved 1173504K
  class space    used 17035K, capacity 18632K, committed 18688K, reserved 1048576K
}
Event: 120.159 GC heap after
{Heap after GC invocations=74 (full 0):
 garbage-first heap   total 411648K, used 257929K [0x0000000080000000, 0x0000000100000000)
  region size 1024K, 7 young (7168K), 7 survivors (7168K)
 Metaspace       used 137618K, capacity 141888K, committed 142028K, reserved 1173504K
  class space    used 17035K, capacity 18632K, committed 18688K, reserved 1048576K
}
Event: 121.231 GC heap before
{Heap before GC invocations=74 (full 0):
 garbage-first heap   total 411648K, used 348041K [0x0000000080000000, 0x0000000100000000)
  region size 1024K, 90 young (92160K), 7 survivors (7168K)
 Metaspace       used 139032K, capacity 143371K, committed 143436K, reserved 1173504K
  class space    used 17204K, capacity 18796K, committed 18816K, reserved 1048576K
}
Event: 121.256 GC heap after
{Heap after GC invocations=75 (full 0):
 garbage-first heap   total 411648K, used 269724K [0x0000000080000000, 0x0000000100000000)
  region size 1024K, 12 young (12288K), 12 survivors (12288K)
 Metaspace       used 139032K, capacity 143371K, committed 143436K, reserved 1173504K
  class space    used 17204K, capacity 18796K, committed 18816K, reserved 1048576K
}
Event: 121.503 GC heap before
{Heap before GC invocations=75 (full 0):
 garbage-first heap   total 411648K, used 341404K [0x0000000080000000, 0x0000000100000000)
  region size 1024K, 83 young (84992K), 12 survivors (12288K)
 Metaspace       used 139092K, capacity 143386K, committed 143436K, reserved 1173504K
  class space    used 17208K, capacity 18799K, committed 18816K, reserved 1048576K
}
Event: 121.529 GC heap after
{Heap after GC invocations=76 (full 0):
 garbage-first heap   total 411648K, used 282979K [0x0000000080000000, 0x0000000100000000)
  region size 1024K, 11 young (11264K), 11 survivors (11264K)
 Metaspace       used 139092K, capacity 143386K, committed 143436K, reserved 1173504K
  class space    used 17208K, capacity 18799K, committed 18816K, reserved 1048576K
}
Event: 121.953 GC heap before
{Heap before GC invocations=76 (full 0):
 garbage-first heap   total 411648K, used 344419K [0x0000000080000000, 0x0000000100000000)
  region size 1024K, 70 young (71680K), 11 survivors (11264K)
 Metaspace       used 139412K, capacity 143739K, committed 144076K, reserved 1175552K
  class space    used 17251K, capacity 18851K, committed 18944K, reserved 1048576K
}
Event: 121.986 GC heap after
{Heap after GC invocations=77 (full 0):
 garbage-first heap   total 411648K, used 287037K [0x0000000080000000, 0x0000000100000000)
  region size 1024K, 7 young (7168K), 7 survivors (7168K)
 Metaspace       used 139412K, capacity 143739K, committed 144076K, reserved 1175552K
  class space    used 17251K, capacity 18851K, committed 18944K, reserved 1048576K
}
Event: 123.071 GC heap before
{Heap before GC invocations=77 (full 0):
 garbage-first heap   total 411648K, used 336189K [0x0000000080000000, 0x0000000100000000)
  region size 1024K, 37 young (37888K), 7 survivors (7168K)
 Metaspace       used 140508K, capacity 144926K, committed 144972K, reserved 1175552K
  class space    used 17382K, capacity 19042K, committed 19072K, reserved 1048576K
}
Event: 123.085 GC heap after
{Heap after GC invocations=78 (full 0):
 garbage-first heap   total 411648K, used 293060K [0x0000000080000000, 0x0000000100000000)
  region size 1024K, 2 young (2048K), 2 survivors (2048K)
 Metaspace       used 140508K, capacity 144926K, committed 144972K, reserved 1175552K
  class space    used 17382K, capacity 19042K, committed 19072K, reserved 1048576K
}

